<?xml version="1.0" encoding="UTF-8"?>
<testsuite name="MirrorTest" tests="1" skipped="0" failures="0" errors="0" timestamp="2023-02-07T23:55:03" hostname="LAPTOP-S0CKKHT9" time="0.068">
  <properties/>
  <testcase name="start" classname="MirrorTest" time="0.068"/>
  <system-out><![CDATA[?[1;31m
Start test 1?[0m
                    _______ 
                   < hello >
                    ------- 
            ^__^   /        
    _______/(oo)  /         
/\/(       /(__)            
   | w----||                
   ||     ||                

]]></system-out>
  <system-err><![CDATA[]]></system-err>
</testsuite>
